Info: Starting: Create block symbol file (.bsf)
Info: ip-generate --project-directory="C:/Users/Ramon Silva/Desktop/PBL1/" --output-directory="C:/Users/Ramon Silva/Desktop/PBL1/Problema1/" --report-file="bsf:C:/Users/Ramon Silva/Desktop/PBL1/Problema1.bsf" --system-info=DEVICE_FAMILY="Cyclone IV E" --system-info=DEVICE=EP4CE30F23C7 --system-info=DEVICE_SPEEDGRADE=7 --component-file="C:/Users/Ramon Silva/Desktop/PBL1/Problema1.qsys"
Progress: Loading PBL1/Problema1.qsys
Progress: Reading input file
Progress: Adding clk_0 [clock_source 13.0]
Progress: Parameterizing module clk_0
Progress: Adding nios2_qsys_0 [altera_nios2_qsys 13.0]
Progress: Parameterizing module nios2_qsys_0
Progress: Adding LedColuna [altera_avalon_pio 13.0.1.99.2]
Progress: Parameterizing module LedColuna
Progress: Adding LedLinha [altera_avalon_pio 13.0.1.99.2]
Progress: Parameterizing module LedLinha
Progress: Adding Botoes [altera_avalon_pio 13.0.1.99.2]
Progress: Parameterizing module Botoes
Progress: Adding onchip_memory2_0 [altera_avalon_onchip_memory2 13.0.1.99.2]
Progress: Parameterizing module onchip_memory2_0
Progress: Adding LCD_controller_0 [LCD_controller 1.0]
Progress: Parameterizing module LCD_controller_0
Progress: Building connections
Progress: Parameterizing connections
Progress: Validating
Progress: Done reading input file
Info: Problema1.Botoes: PIO inputs are not hardwired in test bench. Undefined values will be read from PIO inputs during simulation.
Warning: Problema1.LCD_controller_0: LCD_controller_0.conduit_end must be exported, or connected to a matching conduit.
Info: ip-generate succeeded.
Info: Finished: Create block symbol file (.bsf)
Info: 
Info: Starting: Create HDL design files for synthesis
Info: ip-generate --project-directory="C:/Users/Ramon Silva/Desktop/PBL1/" --output-directory="C:/Users/Ramon Silva/Desktop/PBL1/Problema1/synthesis/" --file-set=QUARTUS_SYNTH --report-file="sopcinfo:C:/Users/Ramon Silva/Desktop/PBL1/Problema1.sopcinfo" --report-file="html:C:/Users/Ramon Silva/Desktop/PBL1/Problema1.html" --report-file="qip:C:/Users/Ramon Silva/Desktop/PBL1/Problema1/synthesis/Problema1.qip" --report-file="cmp:C:/Users/Ramon Silva/Desktop/PBL1/Problema1.cmp" --report-file=svd --system-info=DEVICE_FAMILY="Cyclone IV E" --system-info=DEVICE=EP4CE30F23C7 --system-info=DEVICE_SPEEDGRADE=7 --component-file="C:/Users/Ramon Silva/Desktop/PBL1/Problema1.qsys" --language=VERILOG
Progress: Loading PBL1/Problema1.qsys
Progress: Reading input file
Progress: Adding clk_0 [clock_source 13.0]
Progress: Parameterizing module clk_0
Progress: Adding nios2_qsys_0 [altera_nios2_qsys 13.0]
Progress: Parameterizing module nios2_qsys_0
Progress: Adding LedColuna [altera_avalon_pio 13.0.1.99.2]
Progress: Parameterizing module LedColuna
Progress: Adding LedLinha [altera_avalon_pio 13.0.1.99.2]
Progress: Parameterizing module LedLinha
Progress: Adding Botoes [altera_avalon_pio 13.0.1.99.2]
Progress: Parameterizing module Botoes
Progress: Adding onchip_memory2_0 [altera_avalon_onchip_memory2 13.0.1.99.2]
Progress: Parameterizing module onchip_memory2_0
Progress: Adding LCD_controller_0 [LCD_controller 1.0]
Progress: Parameterizing module LCD_controller_0
Progress: Building connections
Progress: Parameterizing connections
Progress: Validating
Progress: Done reading input file
Info: Problema1.Botoes: PIO inputs are not hardwired in test bench. Undefined values will be read from PIO inputs during simulation.
Warning: Problema1.LCD_controller_0: LCD_controller_0.conduit_end must be exported, or connected to a matching conduit.
Info: Problema1: Generating Problema1 "Problema1" for QUARTUS_SYNTH
Info: pipeline_bridge_swap_transform: After transform: 7 modules, 21 connections
Info: merlin_custom_instruction_transform: After transform: 10 modules, 24 connections
Info: merlin_translator_transform: After transform: 17 modules, 45 connections
Info: merlin_domain_transform: After transform: 30 modules, 109 connections
Info: merlin_router_transform: After transform: 37 modules, 130 connections
Info: reset_adaptation_transform: After transform: 38 modules, 132 connections
Info: merlin_network_to_switch_transform: After transform: 51 modules, 166 connections
Info: merlin_mm_transform: After transform: 51 modules, 166 connections
Info: merlin_interrupt_mapper_transform: After transform: 52 modules, 169 connections
Warning: Problema1: "No matching role found for nios2_qsys_0_custom_instruction_master_multi_xconnect:ci_slave:ci_slave_ipending (ipending)"
Warning: Problema1: "No matching role found for nios2_qsys_0_custom_instruction_master_multi_xconnect:ci_slave:ci_slave_estatus (estatus)"
Warning: Problema1: "No matching role found for rst_controller:reset_out:reset_req (reset_req)"
Warning: Problema1: "No matching role found for rst_controller:reset_out:reset_req (reset_req)"
Warning: Problema1: "No matching role found for rst_controller:reset_out:reset_req (reset_req)"
Warning: Problema1: "No matching role found for rst_controller:reset_out:reset_req (reset_req)"
Warning: Problema1: "No matching role found for rst_controller:reset_out:reset_req (reset_req)"
Warning: Problema1: "No matching role found for rst_controller:reset_out:reset_req (reset_req)"
Warning: Problema1: "No matching role found for rst_controller:reset_out:reset_req (reset_req)"
Warning: Problema1: "No matching role found for rst_controller:reset_out:reset_req (reset_req)"
Warning: Problema1: "No matching role found for rst_controller:reset_out:reset_req (reset_req)"
Warning: Problema1: "No matching role found for rst_controller:reset_out:reset_req (reset_req)"
Warning: Problema1: "No matching role found for rst_controller:reset_out:reset_req (reset_req)"
Warning: Problema1: "No matching role found for rst_controller:reset_out:reset_req (reset_req)"
Warning: Problema1: "No matching role found for rst_controller:reset_out:reset_req (reset_req)"
Warning: Problema1: "No matching role found for rst_controller:reset_out:reset_req (reset_req)"
Warning: Problema1: "No matching role found for rst_controller:reset_out:reset_req (reset_req)"
Warning: Problema1: "No matching role found for rst_controller:reset_out:reset_req (reset_req)"
Warning: Problema1: "No matching role found for rst_controller:reset_out:reset_req (reset_req)"
Warning: Problema1: "No matching role found for rst_controller:reset_out:reset_req (reset_req)"
Warning: Problema1: "No matching role found for rst_controller:reset_out:reset_req (reset_req)"
Warning: Problema1: "No matching role found for rst_controller:reset_out:reset_req (reset_req)"
Warning: Problema1: "No matching role found for rst_controller:reset_out:reset_req (reset_req)"
Warning: Problema1: "No matching role found for rst_controller:reset_out:reset_req (reset_req)"
Warning: Problema1: "No matching role found for rst_controller:reset_out:reset_req (reset_req)"
Warning: Problema1: "No matching role found for rst_controller:reset_out:reset_req (reset_req)"
Warning: Problema1: "No matching role found for rst_controller:reset_out:reset_req (reset_req)"
Warning: Problema1: "No matching role found for rst_controller:reset_out:reset_req (reset_req)"
Warning: Problema1: "No matching role found for rst_controller:reset_out:reset_req (reset_req)"
Warning: Problema1: "No matching role found for rst_controller:reset_out:reset_req (reset_req)"
Warning: Problema1: "No matching role found for rst_controller:reset_out:reset_req (reset_req)"
Warning: Problema1: "No matching role found for rst_controller:reset_out:reset_req (reset_req)"
Warning: Problema1: "No matching role found for rst_controller:reset_out:reset_req (reset_req)"
Warning: Problema1: "No matching role found for rst_controller:reset_out:reset_req (reset_req)"
Warning: Problema1: "No matching role found for rst_controller:reset_out:reset_req (reset_req)"
Warning: Problema1: "No matching role found for rst_controller:reset_out:reset_req (reset_req)"
Warning: Problema1: "No matching role found for rst_controller:reset_out:reset_req (reset_req)"
Warning: Problema1: "No matching role found for rst_controller:reset_out:reset_req (reset_req)"
Warning: Problema1: "No matching role found for rst_controller:reset_out:reset_req (reset_req)"
Warning: Problema1: "No matching role found for rst_controller:reset_out:reset_req (reset_req)"
Warning: Problema1: "No matching role found for rst_controller:reset_out:reset_req (reset_req)"
Warning: Problema1: "No matching role found for rst_controller:reset_out:reset_req (reset_req)"
Warning: Problema1: "No matching role found for rst_controller:reset_out:reset_req (reset_req)"
Warning: Problema1: "No matching role found for rst_controller:reset_out:reset_req (reset_req)"
Warning: Problema1: "No matching role found for rst_controller:reset_out:reset_req (reset_req)"
Warning: Problema1: "No matching role found for rst_controller:reset_out:reset_req (reset_req)"
Warning: Problema1: "No matching role found for rst_controller:reset_out:reset_req (reset_req)"
Info: nios2_qsys_0: Starting RTL generation for module 'Problema1_nios2_qsys_0'
Info: nios2_qsys_0:   Generation command is [exec C:/altera/13.0sp1/quartus/../ip/altera/nios2_ip/altera_nios2/eperl.exe -I C:/altera/13.0sp1/quartus/common/ip/altera/common/perl/5.8.3 -I C:/altera/13.0sp1/quartus/sopc_builder/bin/europa -I C:/altera/13.0sp1/quartus/sopc_builder/bin/perl_lib -I C:/altera/13.0sp1/quartus/sopc_builder/bin -I C:/altera/13.0sp1/quartus/../ip/altera/nios2_ip/altera_nios2/cpu_lib -I C:/altera/13.0sp1/quartus/../ip/altera/nios2_ip/altera_nios2/nios_lib -I C:/altera/13.0sp1/quartus/../ip/altera/nios2_ip/altera_nios2 -I C:/altera/13.0sp1/quartus/../ip/altera/nios2_ip/altera_nios2 -- C:/altera/13.0sp1/quartus/../ip/altera/nios2_ip/altera_nios2/generate_rtl.epl --name=Problema1_nios2_qsys_0 --dir=C:/Users/RAMONS~1/AppData/Local/Temp/alt8075_5327921556489250357.dir/0019_nios2_qsys_0_gen/ --quartus_dir=C:/altera/13.0sp1/quartus --verilog --config=C:/Users/RAMONS~1/AppData/Local/Temp/alt8075_5327921556489250357.dir/0019_nios2_qsys_0_gen//Problema1_nios2_qsys_0_processor_configuration.pl  --do_build_sim=0    --bogus  ]
Info: nios2_qsys_0: # 2019.06.28 15:07:30 (*) Starting Nios II generation
Info: nios2_qsys_0: # 2019.06.28 15:07:30 (*)   Checking for plaintext license.
Info: nios2_qsys_0: # 2019.06.28 15:07:31 (*)   Couldn't query license setup in Quartus directory C:/altera/13.0sp1/quartus
Info: nios2_qsys_0: # 2019.06.28 15:07:31 (*)   Defaulting to contents of LM_LICENSE_FILE environment variable
Info: nios2_qsys_0: # 2019.06.28 15:07:31 (*)   LM_LICENSE_FILE environment variable is empty
Info: nios2_qsys_0: # 2019.06.28 15:07:31 (*)   Plaintext license not found.
Info: nios2_qsys_0: # 2019.06.28 15:07:31 (*)   No license required to generate encrypted Nios II/e.
Info: nios2_qsys_0: # 2019.06.28 15:07:31 (*)   Elaborating CPU configuration settings
Info: nios2_qsys_0: # 2019.06.28 15:07:31 (*)   Creating all objects for CPU
Info: nios2_qsys_0: # 2019.06.28 15:07:32 (*)   Generating RTL from CPU objects
Info: nios2_qsys_0: # 2019.06.28 15:07:32 (*)   Creating plain-text RTL
Info: nios2_qsys_0: # 2019.06.28 15:07:36 (*) Done Nios II generation
Info: nios2_qsys_0: Done RTL generation for module 'Problema1_nios2_qsys_0'
Info: nios2_qsys_0: "Problema1" instantiated altera_nios2_qsys "nios2_qsys_0"
Info: LedColuna: Starting RTL generation for module 'Problema1_LedColuna'
Info: LedColuna:   Generation command is [exec C:/altera/13.0sp1/quartus/bin/perl/bin/perl.exe -I C:/altera/13.0sp1/quartus/common/ip/altera/common/perl/5.8.3 -I C:/altera/13.0sp1/quartus/sopc_builder/bin/europa -I C:/altera/13.0sp1/quartus/sopc_builder/bin/perl_lib -I C:/altera/13.0sp1/quartus/sopc_builder/bin -I C:/altera/13.0sp1/quartus/../ip/altera/sopc_builder_ip/common -I C:/altera/13.0sp1/quartus/../ip/altera/sopc_builder_ip/altera_avalon_pio -- C:/altera/13.0sp1/quartus/../ip/altera/sopc_builder_ip/altera_avalon_pio/generate_rtl.pl --name=Problema1_LedColuna --dir=C:/Users/RAMONS~1/AppData/Local/Temp/alt8075_5327921556489250357.dir/0020_LedColuna_gen/ --quartus_dir=C:/altera/13.0sp1/quartus --verilog --config=C:/Users/RAMONS~1/AppData/Local/Temp/alt8075_5327921556489250357.dir/0020_LedColuna_gen//Problema1_LedColuna_component_configuration.pl  --do_build_sim=0  ]
Info: LedColuna: Done RTL generation for module 'Problema1_LedColuna'
Info: LedColuna: "Problema1" instantiated altera_avalon_pio "LedColuna"
Info: Botoes: Starting RTL generation for module 'Problema1_Botoes'
Info: Botoes:   Generation command is [exec C:/altera/13.0sp1/quartus/bin/perl/bin/perl.exe -I C:/altera/13.0sp1/quartus/common/ip/altera/common/perl/5.8.3 -I C:/altera/13.0sp1/quartus/sopc_builder/bin/europa -I C:/altera/13.0sp1/quartus/sopc_builder/bin/perl_lib -I C:/altera/13.0sp1/quartus/sopc_builder/bin -I C:/altera/13.0sp1/quartus/../ip/altera/sopc_builder_ip/common -I C:/altera/13.0sp1/quartus/../ip/altera/sopc_builder_ip/altera_avalon_pio -- C:/altera/13.0sp1/quartus/../ip/altera/sopc_builder_ip/altera_avalon_pio/generate_rtl.pl --name=Problema1_Botoes --dir=C:/Users/RAMONS~1/AppData/Local/Temp/alt8075_5327921556489250357.dir/0021_Botoes_gen/ --quartus_dir=C:/altera/13.0sp1/quartus --verilog --config=C:/Users/RAMONS~1/AppData/Local/Temp/alt8075_5327921556489250357.dir/0021_Botoes_gen//Problema1_Botoes_component_configuration.pl  --do_build_sim=0  ]
Info: Botoes: Done RTL generation for module 'Problema1_Botoes'
Info: Botoes: "Problema1" instantiated altera_avalon_pio "Botoes"
Info: onchip_memory2_0: Starting RTL generation for module 'Problema1_onchip_memory2_0'
Info: onchip_memory2_0:   Generation command is [exec C:/altera/13.0sp1/quartus/bin/perl/bin/perl.exe -I C:/altera/13.0sp1/quartus/common/ip/altera/common/perl/5.8.3 -I C:/altera/13.0sp1/quartus/sopc_builder/bin/europa -I C:/altera/13.0sp1/quartus/sopc_builder/bin/perl_lib -I C:/altera/13.0sp1/quartus/sopc_builder/bin -I C:/altera/13.0sp1/quartus/../ip/altera/sopc_builder_ip/common -I C:/altera/13.0sp1/quartus/../ip/altera/sopc_builder_ip/altera_avalon_onchip_memory2 -- C:/altera/13.0sp1/quartus/../ip/altera/sopc_builder_ip/altera_avalon_onchip_memory2/generate_rtl.pl --name=Problema1_onchip_memory2_0 --dir=C:/Users/RAMONS~1/AppData/Local/Temp/alt8075_5327921556489250357.dir/0022_onchip_memory2_0_gen/ --quartus_dir=C:/altera/13.0sp1/quartus --verilog --config=C:/Users/RAMONS~1/AppData/Local/Temp/alt8075_5327921556489250357.dir/0022_onchip_memory2_0_gen//Problema1_onchip_memory2_0_component_configuration.pl  --do_build_sim=0  ]
Info: onchip_memory2_0: Done RTL generation for module 'Problema1_onchip_memory2_0'
Info: onchip_memory2_0: "Problema1" instantiated altera_avalon_onchip_memory2 "onchip_memory2_0"
Info: LCD_controller_0: "Problema1" instantiated LCD_controller "LCD_controller_0"
Info: nios2_qsys_0_custom_instruction_master_translator: "Problema1" instantiated altera_customins_master_translator "nios2_qsys_0_custom_instruction_master_translator"
Info: nios2_qsys_0_custom_instruction_master_multi_xconnect: "Problema1" instantiated altera_customins_xconnect "nios2_qsys_0_custom_instruction_master_multi_xconnect"
Info: nios2_qsys_0_custom_instruction_master_multi_slave_translator0: "Problema1" instantiated altera_customins_slave_translator "nios2_qsys_0_custom_instruction_master_multi_slave_translator0"
Info: nios2_qsys_0_instruction_master_translator: "Problema1" instantiated altera_merlin_master_translator "nios2_qsys_0_instruction_master_translator"
Info: nios2_qsys_0_jtag_debug_module_translator: "Problema1" instantiated altera_merlin_slave_translator "nios2_qsys_0_jtag_debug_module_translator"
Info: nios2_qsys_0_instruction_master_translator_avalon_universal_master_0_agent: "Problema1" instantiated altera_merlin_master_agent "nios2_qsys_0_instruction_master_translator_avalon_universal_master_0_agent"
Info: nios2_qsys_0_jtag_debug_module_translator_avalon_universal_slave_0_agent: "Problema1" instantiated altera_merlin_slave_agent "nios2_qsys_0_jtag_debug_module_translator_avalon_universal_slave_0_agent"
Info: nios2_qsys_0_jtag_debug_module_translator_avalon_universal_slave_0_agent_rsp_fifo: "Problema1" instantiated altera_avalon_sc_fifo "nios2_qsys_0_jtag_debug_module_translator_avalon_universal_slave_0_agent_rsp_fifo"
Info: addr_router: "Problema1" instantiated altera_merlin_router "addr_router"
Info: id_router: "Problema1" instantiated altera_merlin_router "id_router"
Info: rst_controller: "Problema1" instantiated altera_reset_controller "rst_controller"
Info: cmd_xbar_demux: "Problema1" instantiated altera_merlin_demultiplexer "cmd_xbar_demux"
Info: cmd_xbar_mux: "Problema1" instantiated altera_merlin_multiplexer "cmd_xbar_mux"
Info: rsp_xbar_demux: "Problema1" instantiated altera_merlin_demultiplexer "rsp_xbar_demux"
Info: rsp_xbar_mux: "Problema1" instantiated altera_merlin_multiplexer "rsp_xbar_mux"
Info: Reusing file C:/Users/Ramon Silva/Desktop/PBL1/Problema1/synthesis/submodules/altera_merlin_arbitrator.sv
Info: irq_mapper: "Problema1" instantiated altera_irq_mapper "irq_mapper"
Info: Problema1: Done Problema1" with 22 modules, 75 files, 1367461 bytes
Info: ip-generate succeeded.
Info: Finished: Create HDL design files for synthesis
