Info: Starting: Create block symbol file (.bsf)
Info: qsys-generate C:\Users\iagom\Documents\Repositorios\TEC499-2019.1\Problema1\Problema1\Problema1Qsys.qsys --block-symbol-file --output-directory=C:\Users\iagom\Documents\Repositorios\TEC499-2019.1\Problema1\Problema1\Problema1Qsys --family="Cyclone IV E" --part=EP4CE30F23C7
Progress: Loading Problema1/Problema1Qsys.qsys
Progress: Reading input file
Progress: Adding Botoes [altera_avalon_pio 18.1]
Progress: Parameterizing module Botoes
Progress: Adding M_LED_Coluna [altera_avalon_pio 18.1]
Progress: Parameterizing module M_LED_Coluna
Progress: Adding M_LED_Linha [altera_avalon_pio 18.1]
Progress: Parameterizing module M_LED_Linha
Progress: Adding clk_0 [clock_source 18.1]
Progress: Parameterizing module clk_0
Progress: Adding jtag_uart_0 [altera_avalon_jtag_uart 18.1]
Progress: Parameterizing module jtag_uart_0
Progress: Adding lcd_controller_0 [lcd_controller 1.0]
Progress: Parameterizing module lcd_controller_0
Progress: Adding nios2_gen2_0 [altera_nios2_gen2 18.1]
Progress: Parameterizing module nios2_gen2_0
Progress: Adding onchip_memory2_0 [altera_avalon_onchip_memory2 18.1]
Progress: Parameterizing module onchip_memory2_0
Progress: Building connections
Progress: Parameterizing connections
Progress: Validating
Progress: Done reading input file
Info: Problema1Qsys.Botoes: PIO inputs are not hardwired in test bench. Undefined values will be read from PIO inputs during simulation.
Info: Problema1Qsys.jtag_uart_0: JTAG UART IP input clock need to be at least double (2x) the operating frequency of JTAG TCK on board
Info: qsys-generate succeeded.
Info: Finished: Create block symbol file (.bsf)
Info: 
Info: Starting: Create HDL design files for synthesis
Info: qsys-generate C:\Users\iagom\Documents\Repositorios\TEC499-2019.1\Problema1\Problema1\Problema1Qsys.qsys --synthesis=VERILOG --output-directory=C:\Users\iagom\Documents\Repositorios\TEC499-2019.1\Problema1\Problema1\Problema1Qsys\synthesis --family="Cyclone IV E" --part=EP4CE30F23C7
Progress: Loading Problema1/Problema1Qsys.qsys
Progress: Reading input file
Progress: Adding Botoes [altera_avalon_pio 18.1]
Progress: Parameterizing module Botoes
Progress: Adding M_LED_Coluna [altera_avalon_pio 18.1]
Progress: Parameterizing module M_LED_Coluna
Progress: Adding M_LED_Linha [altera_avalon_pio 18.1]
Progress: Parameterizing module M_LED_Linha
Progress: Adding clk_0 [clock_source 18.1]
Progress: Parameterizing module clk_0
Progress: Adding jtag_uart_0 [altera_avalon_jtag_uart 18.1]
Progress: Parameterizing module jtag_uart_0
Progress: Adding lcd_controller_0 [lcd_controller 1.0]
Progress: Parameterizing module lcd_controller_0
Progress: Adding nios2_gen2_0 [altera_nios2_gen2 18.1]
Progress: Parameterizing module nios2_gen2_0
Progress: Adding onchip_memory2_0 [altera_avalon_onchip_memory2 18.1]
Progress: Parameterizing module onchip_memory2_0
Progress: Building connections
Progress: Parameterizing connections
Progress: Validating
Progress: Done reading input file
Info: Problema1Qsys.Botoes: PIO inputs are not hardwired in test bench. Undefined values will be read from PIO inputs during simulation.
Info: Problema1Qsys.jtag_uart_0: JTAG UART IP input clock need to be at least double (2x) the operating frequency of JTAG TCK on board
Info: Problema1Qsys: Generating Problema1Qsys "Problema1Qsys" for QUARTUS_SYNTH
Warning: Problema1Qsys: "No matching role found for nios2_gen2_0_custom_instruction_master_multi_xconnect:ci_slave:ci_slave_ipending (ipending)"
Warning: Problema1Qsys: "No matching role found for nios2_gen2_0_custom_instruction_master_multi_xconnect:ci_slave:ci_slave_estatus (estatus)"
Info: Botoes: Starting RTL generation for module 'Problema1Qsys_Botoes'
Info: Botoes:   Generation command is [exec C:/intelfpga_lite/18.1/quartus/bin64/perl/bin/perl.exe -I C:/intelfpga_lite/18.1/quartus/bin64/perl/lib -I C:/intelfpga_lite/18.1/quartus/sopc_builder/bin/europa -I C:/intelfpga_lite/18.1/quartus/sopc_builder/bin/perl_lib -I C:/intelfpga_lite/18.1/quartus/sopc_builder/bin -I C:/intelfpga_lite/18.1/quartus/../ip/altera/sopc_builder_ip/common -I C:/intelfpga_lite/18.1/quartus/../ip/altera/sopc_builder_ip/altera_avalon_pio -- C:/intelfpga_lite/18.1/quartus/../ip/altera/sopc_builder_ip/altera_avalon_pio/generate_rtl.pl --name=Problema1Qsys_Botoes --dir=C:/Users/iagom/AppData/Local/Temp/alt8079_9114666228213029537.dir/0002_Botoes_gen/ --quartus_dir=C:/intelfpga_lite/18.1/quartus --verilog --config=C:/Users/iagom/AppData/Local/Temp/alt8079_9114666228213029537.dir/0002_Botoes_gen//Problema1Qsys_Botoes_component_configuration.pl  --do_build_sim=0  ]
Info: Botoes: Done RTL generation for module 'Problema1Qsys_Botoes'
Info: Botoes: "Problema1Qsys" instantiated altera_avalon_pio "Botoes"
Info: M_LED_Coluna: Starting RTL generation for module 'Problema1Qsys_M_LED_Coluna'
Info: M_LED_Coluna:   Generation command is [exec C:/intelfpga_lite/18.1/quartus/bin64/perl/bin/perl.exe -I C:/intelfpga_lite/18.1/quartus/bin64/perl/lib -I C:/intelfpga_lite/18.1/quartus/sopc_builder/bin/europa -I C:/intelfpga_lite/18.1/quartus/sopc_builder/bin/perl_lib -I C:/intelfpga_lite/18.1/quartus/sopc_builder/bin -I C:/intelfpga_lite/18.1/quartus/../ip/altera/sopc_builder_ip/common -I C:/intelfpga_lite/18.1/quartus/../ip/altera/sopc_builder_ip/altera_avalon_pio -- C:/intelfpga_lite/18.1/quartus/../ip/altera/sopc_builder_ip/altera_avalon_pio/generate_rtl.pl --name=Problema1Qsys_M_LED_Coluna --dir=C:/Users/iagom/AppData/Local/Temp/alt8079_9114666228213029537.dir/0003_M_LED_Coluna_gen/ --quartus_dir=C:/intelfpga_lite/18.1/quartus --verilog --config=C:/Users/iagom/AppData/Local/Temp/alt8079_9114666228213029537.dir/0003_M_LED_Coluna_gen//Problema1Qsys_M_LED_Coluna_component_configuration.pl  --do_build_sim=0  ]
Info: M_LED_Coluna: Done RTL generation for module 'Problema1Qsys_M_LED_Coluna'
Info: M_LED_Coluna: "Problema1Qsys" instantiated altera_avalon_pio "M_LED_Coluna"
Info: jtag_uart_0: Starting RTL generation for module 'Problema1Qsys_jtag_uart_0'
Info: jtag_uart_0:   Generation command is [exec C:/intelfpga_lite/18.1/quartus/bin64/perl/bin/perl.exe -I C:/intelfpga_lite/18.1/quartus/bin64/perl/lib -I C:/intelfpga_lite/18.1/quartus/sopc_builder/bin/europa -I C:/intelfpga_lite/18.1/quartus/sopc_builder/bin/perl_lib -I C:/intelfpga_lite/18.1/quartus/sopc_builder/bin -I C:/intelfpga_lite/18.1/quartus/../ip/altera/sopc_builder_ip/common -I C:/intelfpga_lite/18.1/quartus/../ip/altera/sopc_builder_ip/altera_avalon_jtag_uart -- C:/intelfpga_lite/18.1/quartus/../ip/altera/sopc_builder_ip/altera_avalon_jtag_uart/generate_rtl.pl --name=Problema1Qsys_jtag_uart_0 --dir=C:/Users/iagom/AppData/Local/Temp/alt8079_9114666228213029537.dir/0004_jtag_uart_0_gen/ --quartus_dir=C:/intelfpga_lite/18.1/quartus --verilog --config=C:/Users/iagom/AppData/Local/Temp/alt8079_9114666228213029537.dir/0004_jtag_uart_0_gen//Problema1Qsys_jtag_uart_0_component_configuration.pl  --do_build_sim=0  ]
Info: jtag_uart_0: Done RTL generation for module 'Problema1Qsys_jtag_uart_0'
Info: jtag_uart_0: "Problema1Qsys" instantiated altera_avalon_jtag_uart "jtag_uart_0"
Info: lcd_controller_0: "Problema1Qsys" instantiated lcd_controller "lcd_controller_0"
Info: nios2_gen2_0: "Problema1Qsys" instantiated altera_nios2_gen2 "nios2_gen2_0"
Info: onchip_memory2_0: Starting RTL generation for module 'Problema1Qsys_onchip_memory2_0'
Info: onchip_memory2_0:   Generation command is [exec C:/intelfpga_lite/18.1/quartus/bin64/perl/bin/perl.exe -I C:/intelfpga_lite/18.1/quartus/bin64/perl/lib -I C:/intelfpga_lite/18.1/quartus/sopc_builder/bin/europa -I C:/intelfpga_lite/18.1/quartus/sopc_builder/bin/perl_lib -I C:/intelfpga_lite/18.1/quartus/sopc_builder/bin -I C:/intelfpga_lite/18.1/quartus/../ip/altera/sopc_builder_ip/common -I C:/intelfpga_lite/18.1/quartus/../ip/altera/sopc_builder_ip/altera_avalon_onchip_memory2 -- C:/intelfpga_lite/18.1/quartus/../ip/altera/sopc_builder_ip/altera_avalon_onchip_memory2/generate_rtl.pl --name=Problema1Qsys_onchip_memory2_0 --dir=C:/Users/iagom/AppData/Local/Temp/alt8079_9114666228213029537.dir/0006_onchip_memory2_0_gen/ --quartus_dir=C:/intelfpga_lite/18.1/quartus --verilog --config=C:/Users/iagom/AppData/Local/Temp/alt8079_9114666228213029537.dir/0006_onchip_memory2_0_gen//Problema1Qsys_onchip_memory2_0_component_configuration.pl  --do_build_sim=0  ]
Info: onchip_memory2_0: Done RTL generation for module 'Problema1Qsys_onchip_memory2_0'
Info: onchip_memory2_0: "Problema1Qsys" instantiated altera_avalon_onchip_memory2 "onchip_memory2_0"
Info: nios2_gen2_0_custom_instruction_master_translator: "Problema1Qsys" instantiated altera_customins_master_translator "nios2_gen2_0_custom_instruction_master_translator"
Info: nios2_gen2_0_custom_instruction_master_multi_xconnect: "Problema1Qsys" instantiated altera_customins_xconnect "nios2_gen2_0_custom_instruction_master_multi_xconnect"
Info: nios2_gen2_0_custom_instruction_master_multi_slave_translator0: "Problema1Qsys" instantiated altera_customins_slave_translator "nios2_gen2_0_custom_instruction_master_multi_slave_translator0"
Info: avalon_st_adapter: Inserting error_adapter: error_adapter_0
Info: avalon_st_adapter_001: Inserting error_adapter: error_adapter_0
Info: avalon_st_adapter_002: Inserting error_adapter: error_adapter_0
Info: avalon_st_adapter_003: Inserting error_adapter: error_adapter_0
Info: avalon_st_adapter_004: Inserting error_adapter: error_adapter_0
Info: avalon_st_adapter_005: Inserting error_adapter: error_adapter_0
Info: mm_interconnect_0: "Problema1Qsys" instantiated altera_mm_interconnect "mm_interconnect_0"
Info: irq_mapper: "Problema1Qsys" instantiated altera_irq_mapper "irq_mapper"
Info: rst_controller: "Problema1Qsys" instantiated altera_reset_controller "rst_controller"
Info: cpu: Starting RTL generation for module 'Problema1Qsys_nios2_gen2_0_cpu'
Info: cpu:   Generation command is [exec C:/intelFPGA_lite/18.1/quartus/bin64//eperlcmd.exe -I C:/intelFPGA_lite/18.1/quartus/bin64//perl/lib -I C:/intelfpga_lite/18.1/quartus/sopc_builder/bin/europa -I C:/intelfpga_lite/18.1/quartus/sopc_builder/bin/perl_lib -I C:/intelfpga_lite/18.1/quartus/sopc_builder/bin -I C:/intelfpga_lite/18.1/quartus/../ip/altera/nios2_ip/altera_nios2_gen2/cpu_lib -I C:/intelfpga_lite/18.1/quartus/../ip/altera/nios2_ip/altera_nios2_gen2/nios_lib -I C:/intelfpga_lite/18.1/quartus/../ip/altera/nios2_ip/altera_nios2_gen2 -I C:/intelfpga_lite/18.1/quartus/../ip/altera/nios2_ip/altera_nios2_gen2 -- C:/intelfpga_lite/18.1/quartus/../ip/altera/nios2_ip/altera_nios2_gen2/generate_rtl.epl --name=Problema1Qsys_nios2_gen2_0_cpu --dir=C:/Users/iagom/AppData/Local/Temp/alt8079_9114666228213029537.dir/0012_cpu_gen/ --quartus_bindir=C:/intelFPGA_lite/18.1/quartus/bin64/ --verilog --config=C:/Users/iagom/AppData/Local/Temp/alt8079_9114666228213029537.dir/0012_cpu_gen//Problema1Qsys_nios2_gen2_0_cpu_processor_configuration.pl  --do_build_sim=0  ]
Info: cpu: # 2019.07.02 20:34:34 (*) Starting Nios II generation
Info: cpu: # 2019.07.02 20:34:34 (*)   Checking for plaintext license.
Info: cpu: # 2019.07.02 20:34:37 (*)   Couldn't query license setup in Quartus directory C:/intelFPGA_lite/18.1/quartus/bin64/
Info: cpu: # 2019.07.02 20:34:37 (*)   Defaulting to contents of LM_LICENSE_FILE environment variable
Info: cpu: # 2019.07.02 20:34:37 (*)   LM_LICENSE_FILE environment variable is empty
Info: cpu: # 2019.07.02 20:34:37 (*)   Plaintext license not found.
Info: cpu: # 2019.07.02 20:34:37 (*)   No license required to generate encrypted Nios II/e.
Info: cpu: # 2019.07.02 20:34:37 (*)   Elaborating CPU configuration settings
Info: cpu: # 2019.07.02 20:34:37 (*)   Creating all objects for CPU
Info: cpu: # 2019.07.02 20:34:38 (*)   Generating RTL from CPU objects
Info: cpu: # 2019.07.02 20:34:38 (*)   Creating plain-text RTL
Info: cpu: # 2019.07.02 20:34:39 (*) Done Nios II generation
Info: cpu: Done RTL generation for module 'Problema1Qsys_nios2_gen2_0_cpu'
Info: cpu: "nios2_gen2_0" instantiated altera_nios2_gen2_unit "cpu"
Info: nios2_gen2_0_data_master_translator: "mm_interconnect_0" instantiated altera_merlin_master_translator "nios2_gen2_0_data_master_translator"
Info: jtag_uart_0_avalon_jtag_slave_translator: "mm_interconnect_0" instantiated altera_merlin_slave_translator "jtag_uart_0_avalon_jtag_slave_translator"
Info: nios2_gen2_0_data_master_agent: "mm_interconnect_0" instantiated altera_merlin_master_agent "nios2_gen2_0_data_master_agent"
Info: jtag_uart_0_avalon_jtag_slave_agent: "mm_interconnect_0" instantiated altera_merlin_slave_agent "jtag_uart_0_avalon_jtag_slave_agent"
Info: jtag_uart_0_avalon_jtag_slave_agent_rsp_fifo: "mm_interconnect_0" instantiated altera_avalon_sc_fifo "jtag_uart_0_avalon_jtag_slave_agent_rsp_fifo"
Info: router: "mm_interconnect_0" instantiated altera_merlin_router "router"
Info: router_002: "mm_interconnect_0" instantiated altera_merlin_router "router_002"
Info: cmd_demux: "mm_interconnect_0" instantiated altera_merlin_demultiplexer "cmd_demux"
Info: cmd_mux: "mm_interconnect_0" instantiated altera_merlin_multiplexer "cmd_mux"
Info: rsp_demux: "mm_interconnect_0" instantiated altera_merlin_demultiplexer "rsp_demux"
Info: rsp_mux: "mm_interconnect_0" instantiated altera_merlin_multiplexer "rsp_mux"
Info: Reusing file C:/Users/iagom/Documents/Repositorios/TEC499-2019.1/Problema1/Problema1/Problema1Qsys/synthesis/submodules/altera_merlin_arbitrator.sv
Info: avalon_st_adapter: "mm_interconnect_0" instantiated altera_avalon_st_adapter "avalon_st_adapter"
Info: error_adapter_0: "avalon_st_adapter" instantiated error_adapter "error_adapter_0"
Info: Problema1Qsys: Done "Problema1Qsys" with 27 modules, 39 files
Info: qsys-generate succeeded.
Info: Finished: Create HDL design files for synthesis
